0 info it worked if it ends with ok
1 verbose cli [ '/home/liurong/.nvm/v0.10.33/bin/node',
1 verbose cli   '/home/liurong/.nvm/v0.10.33/bin/npm',
1 verbose cli   'install',
1 verbose cli   'moment',
1 verbose cli   '--save' ]
2 info using npm@1.4.28
3 info using node@v0.10.33
4 warn package.json @ No description
5 warn package.json @ No repository field.
6 warn package.json @ No README data
7 verbose readDependencies using package.json deps
8 verbose cache add [ 'moment', null ]
9 verbose cache add name=undefined spec="moment" args=["moment",null]
10 verbose parsed url { protocol: null,
10 verbose parsed url   slashes: null,
10 verbose parsed url   auth: null,
10 verbose parsed url   host: null,
10 verbose parsed url   port: null,
10 verbose parsed url   hostname: null,
10 verbose parsed url   hash: null,
10 verbose parsed url   search: null,
10 verbose parsed url   query: null,
10 verbose parsed url   pathname: 'moment',
10 verbose parsed url   path: 'moment',
10 verbose parsed url   href: 'moment' }
11 silly lockFile b56def36-moment moment
12 verbose lock moment /home/liurong/.npm/b56def36-moment.lock
13 silly lockFile b56def36-moment moment
14 silly lockFile b56def36-moment moment
15 verbose addNamed [ 'moment', '' ]
16 verbose addNamed [ null, '*' ]
17 silly lockFile 42aa250a-moment moment@
18 verbose lock moment@ /home/liurong/.npm/42aa250a-moment.lock
19 silly addNameRange { name: 'moment', range: '*', hasData: false }
20 verbose request where is /moment
21 verbose request registry https://registry.npmjs.org/
22 verbose request id cb8ffccf80228c97
23 verbose url raw /moment
24 verbose url resolving [ 'https://registry.npmjs.org/', './moment' ]
25 verbose url resolved https://registry.npmjs.org/moment
26 verbose request where is https://registry.npmjs.org/moment
27 info trying registry request attempt 1 at 09:34:58
28 http GET https://registry.npmjs.org/moment
29 info retry will retry, error on last attempt: Error: getaddrinfo ENOTFOUND
30 info trying registry request attempt 2 at 09:35:28
31 http GET https://registry.npmjs.org/moment
32 info retry will retry, error on last attempt: Error: getaddrinfo ENOTFOUND
33 info trying registry request attempt 3 at 09:36:48
34 http GET https://registry.npmjs.org/moment
35 silly lockFile 42aa250a-moment moment@
36 silly lockFile 42aa250a-moment moment@
37 error network getaddrinfo ENOTFOUND
37 error network This is most likely not a problem with npm itself
37 error network and is related to network connectivity.
37 error network In most cases you are behind a proxy or have bad network settings.
37 error network
37 error network If you are behind a proxy, please make sure that the
37 error network 'proxy' config is set properly.  See: 'npm help config'
38 error System Linux 3.13.0-24-generic
39 error command "/home/liurong/.nvm/v0.10.33/bin/node" "/home/liurong/.nvm/v0.10.33/bin/npm" "install" "moment" "--save"
40 error cwd /home/liurong/Projects/xiao-and-liu-pos
41 error node -v v0.10.33
42 error npm -v 1.4.28
43 error syscall getaddrinfo
44 error code ENOTFOUND
45 error errno ENOTFOUND
46 verbose exit [ 1, true ]
